AH00558: apache2: Could not reliably determine the server's fully qualified domain name, using 172.18.0.3. Set the 'ServerName' directive globally to suppress this message
[Wed Dec 27 20:11:37.739532 2017] [mpm_prefork:notice] [pid 1] AH00163: Apache/2.4.10 (Debian) PHP/7.1.12 configured -- resuming normal operations
[Wed Dec 27 20:11:37.739879 2017] [core:notice] [pid 1] AH00094: Command line: 'apache2 -D FOREGROUND'
[Wed Dec 27 20:19:46.335085 2017] [autoindex:error] [pid 19] [client 172.18.0.1:58810] AH01276: Cannot serve directory /var/www/html/: No matching DirectoryIndex (index.php,index.html) found, and server-generated directory index forbidden by Options directive
[Wed Dec 27 21:28:05.022045 2017] [autoindex:error] [pid 17] [client 172.18.0.1:58820] AH01276: Cannot serve directory /var/www/html/: No matching DirectoryIndex (index.php,index.html) found, and server-generated directory index forbidden by Options directive
[Wed Dec 27 21:33:12.934408 2017] [mpm_prefork:notice] [pid 1] AH00169: caught SIGTERM, shutting down
AH00558: apache2: Could not reliably determine the server's fully qualified domain name, using 172.18.0.3. Set the 'ServerName' directive globally to suppress this message
[Wed Dec 27 21:33:30.512714 2017] [mpm_prefork:notice] [pid 1] AH00163: Apache/2.4.10 (Debian) PHP/7.1.12 configured -- resuming normal operations
[Wed Dec 27 21:33:30.512974 2017] [core:notice] [pid 1] AH00094: Command line: 'apache2 -D FOREGROUND'
[Wed Jan 03 20:47:10.247660 2018] [mpm_prefork:notice] [pid 1] AH00169: caught SIGTERM, shutting down
AH00558: apache2: Could not reliably determine the server's fully qualified domain name, using 172.18.0.3. Set the 'ServerName' directive globally to suppress this message
[Wed Jan 03 20:49:48.987307 2018] [mpm_prefork:notice] [pid 1] AH00163: Apache/2.4.10 (Debian) PHP/7.1.12 configured -- resuming normal operations
[Wed Jan 03 20:49:48.987642 2018] [core:notice] [pid 1] AH00094: Command line: 'apache2 -D FOREGROUND'
[Mon Jan 15 21:13:34.280988 2018] [mpm_prefork:notice] [pid 1] AH00169: caught SIGTERM, shutting down
AH00558: apache2: Could not reliably determine the server's fully qualified domain name, using 172.18.0.3. Set the 'ServerName' directive globally to suppress this message
[Mon Jan 15 21:13:36.772410 2018] [mpm_prefork:notice] [pid 1] AH00163: Apache/2.4.10 (Debian) PHP/7.1.12 configured -- resuming normal operations
[Mon Jan 15 21:13:36.772840 2018] [core:notice] [pid 1] AH00094: Command line: 'apache2 -D FOREGROUND'
[Tue Jan 16 05:39:34.236442 2018] [mpm_prefork:notice] [pid 1] AH00169: caught SIGTERM, shutting down
AH00558: apache2: Could not reliably determine the server's fully qualified domain name, using 172.18.0.3. Set the 'ServerName' directive globally to suppress this message
[Tue Jan 16 05:39:49.586799 2018] [mpm_prefork:notice] [pid 1] AH00163: Apache/2.4.10 (Debian) PHP/7.1.12 configured -- resuming normal operations
[Tue Jan 16 05:39:49.587169 2018] [core:notice] [pid 1] AH00094: Command line: 'apache2 -D FOREGROUND'
[Tue Jan 16 05:48:07.429333 2018] [mpm_prefork:notice] [pid 1] AH00169: caught SIGTERM, shutting down
AH00558: apache2: Could not reliably determine the server's fully qualified domain name, using 172.18.0.3. Set the 'ServerName' directive globally to suppress this message
[Tue Jan 16 05:48:21.251901 2018] [mpm_prefork:notice] [pid 1] AH00163: Apache/2.4.10 (Debian) PHP/7.1.12 configured -- resuming normal operations
[Tue Jan 16 05:48:21.252228 2018] [core:notice] [pid 1] AH00094: Command line: 'apache2 -D FOREGROUND'
[2018-01-20 05:06:33] exiftool.INFO: Exiftool executes command /var/www/html/vendor/phpexiftool/exiftool/exiftool -n -q -b -X -charset UTF8 -r -i SYMLINKS '/var/www/html/web/data/9eeb0eb81dbe81545b8fc73e9f9c2870/20180120/788c5c11c8e6a8e77fce5301b9cb7c8e.jpg' [] []
[2018-01-20 05:07:43] exiftool.INFO: Exiftool executes command /var/www/html/vendor/phpexiftool/exiftool/exiftool -n -q -b -X -charset UTF8 -r -i SYMLINKS '/var/www/html/web/data/9eeb0eb81dbe81545b8fc73e9f9c2870/20180120/39cdf25524142684349c192540594798.jpg' [] []
[2018-01-20 05:18:20] exiftool.INFO: Exiftool executes command /var/www/html/vendor/phpexiftool/exiftool/exiftool -n -q -b -X -charset UTF8 -r -i SYMLINKS '/var/www/html/web/data/9eeb0eb81dbe81545b8fc73e9f9c2870/20180120/6414cb7c2f5656131d2fadb0b82b2e15.jpg' [] []
[2018-01-20 05:20:55] exiftool.INFO: Exiftool executes command /var/www/html/vendor/phpexiftool/exiftool/exiftool -n -q -b -X -charset UTF8 -r -i SYMLINKS '/var/www/html/web/data/9eeb0eb81dbe81545b8fc73e9f9c2870/20180120/28dfdb2eda8e9428fbddb67acac43710.jpg' [] []
[2018-01-20 05:21:34] exiftool.INFO: Exiftool executes command /var/www/html/vendor/phpexiftool/exiftool/exiftool -n -q -b -X -charset UTF8 -r -i SYMLINKS '/var/www/html/web/data/9eeb0eb81dbe81545b8fc73e9f9c2870/20180120/094a399726e2b7380c30a93a316897d1.jpg' [] []
[2018-01-20 05:22:50] exiftool.INFO: Exiftool executes command /var/www/html/vendor/phpexiftool/exiftool/exiftool -n -q -b -X -charset UTF8 -r -i SYMLINKS '/var/www/html/web/data/9eeb0eb81dbe81545b8fc73e9f9c2870/20180120/59020fde13d68b030b8df68b7d110002.jpg' [] []
[2018-01-20 05:24:47] exiftool.INFO: Exiftool executes command /var/www/html/vendor/phpexiftool/exiftool/exiftool -n -q -b -X -charset UTF8 -r -i SYMLINKS '/var/www/html/web/data/9eeb0eb81dbe81545b8fc73e9f9c2870/20180120/b98e3aff186c905403ec58f06b12c77a.jpg' [] []
[2018-01-20 05:26:30] exiftool.INFO: Exiftool executes command /var/www/html/vendor/phpexiftool/exiftool/exiftool -n -q -b -X -charset UTF8 -r -i SYMLINKS '/var/www/html/web/data/9eeb0eb81dbe81545b8fc73e9f9c2870/20180120/41b97bd90f85c1c1e47bfe7b63540f3c.jpg' [] []
[2018-01-20 05:26:49] exiftool.INFO: Exiftool executes command /var/www/html/vendor/phpexiftool/exiftool/exiftool -n -q -b -X -charset UTF8 -r -i SYMLINKS '/var/www/html/web/data/9eeb0eb81dbe81545b8fc73e9f9c2870/20180120/c12a1324633cf5d3ca6d06a8b6223aae.jpg' [] []
[2018-01-20 05:27:42] exiftool.INFO: Exiftool executes command /var/www/html/vendor/phpexiftool/exiftool/exiftool -n -q -b -X -charset UTF8 -r -i SYMLINKS '/var/www/html/web/data/9eeb0eb81dbe81545b8fc73e9f9c2870/20180120/2e43945bd5ccd67ab924a15413025248.jpg' [] []
[2018-01-20 05:28:17] exiftool.INFO: Exiftool executes command /var/www/html/vendor/phpexiftool/exiftool/exiftool -n -q -b -X -charset UTF8 -r -i SYMLINKS '/var/www/html/web/data/9eeb0eb81dbe81545b8fc73e9f9c2870/20180120/795d3c593f8b05e0a3aafd1bd8e4781b.jpg' [] []
[2018-01-20 05:28:45] exiftool.INFO: Exiftool executes command /var/www/html/vendor/phpexiftool/exiftool/exiftool -n -q -b -X -charset UTF8 -r -i SYMLINKS '/var/www/html/web/data/9eeb0eb81dbe81545b8fc73e9f9c2870/20180120/3feccaaa06fb245a5070cfaa99241fb5.jpg' [] []
[2018-01-20 05:29:00] exiftool.INFO: Exiftool executes command /var/www/html/vendor/phpexiftool/exiftool/exiftool -n -q -b -X -charset UTF8 -r -i SYMLINKS '/var/www/html/web/data/9eeb0eb81dbe81545b8fc73e9f9c2870/20180120/80bd992daeb2d464facd64af99eabd5f.jpg' [] []
[2018-01-20 05:29:22] exiftool.INFO: Exiftool executes command /var/www/html/vendor/phpexiftool/exiftool/exiftool -n -q -b -X -charset UTF8 -r -i SYMLINKS '/var/www/html/web/data/9eeb0eb81dbe81545b8fc73e9f9c2870/20180120/a675e2558472ea12d1e1cc2d0e06666b.jpg' [] []
[2018-01-20 05:30:25] exiftool.INFO: Exiftool executes command /var/www/html/vendor/phpexiftool/exiftool/exiftool -n -q -b -X -charset UTF8 -r -i SYMLINKS '/var/www/html/web/data/9eeb0eb81dbe81545b8fc73e9f9c2870/20180120/33551f3ad89293d87ce70598e907993c.jpg' [] []
[2018-01-20 05:31:23] exiftool.INFO: Exiftool executes command /var/www/html/vendor/phpexiftool/exiftool/exiftool -n -q -b -X -charset UTF8 -r -i SYMLINKS '/var/www/html/web/data/9eeb0eb81dbe81545b8fc73e9f9c2870/20180120/aabb661b4c03aeaf20948a533066da91.jpg' [] []
[2018-01-20 05:33:15] exiftool.INFO: Exiftool executes command /var/www/html/vendor/phpexiftool/exiftool/exiftool -n -q -b -X -charset UTF8 -r -i SYMLINKS '/var/www/html/web/data/9eeb0eb81dbe81545b8fc73e9f9c2870/20180120/a0d0caec7b9ef90de645a1ddfd9aa633.jpg' [] []
[2018-01-20 05:35:20] exiftool.INFO: Exiftool executes command /var/www/html/vendor/phpexiftool/exiftool/exiftool -n -q -b -X -charset UTF8 -r -i SYMLINKS '/var/www/html/web/data/9eeb0eb81dbe81545b8fc73e9f9c2870/20180120/72e30d5463a9409f83901d78d39c0913.jpg' [] []
[2018-01-20 05:35:34] exiftool.INFO: Exiftool executes command /var/www/html/vendor/phpexiftool/exiftool/exiftool -n -q -b -X -charset UTF8 -r -i SYMLINKS '/var/www/html/web/data/9eeb0eb81dbe81545b8fc73e9f9c2870/20180120/e5df50833b61c84d56cfa7d27e901a9b.jpg' [] []
[2018-01-20 05:41:24] exiftool.INFO: Exiftool executes command /var/www/html/vendor/phpexiftool/exiftool/exiftool -n -q -b -X -charset UTF8 -r -i SYMLINKS '/var/www/html/web/data/9eeb0eb81dbe81545b8fc73e9f9c2870/20180120/1e0dc31da8ad18a67eac799b98587229.jpg' [] []
[2018-01-20 05:43:17] exiftool.INFO: Exiftool executes command /var/www/html/vendor/phpexiftool/exiftool/exiftool -n -q -b -X -charset UTF8 -r -i SYMLINKS '/var/www/html/web/data/9eeb0eb81dbe81545b8fc73e9f9c2870/20180120/93e9156f5dc4c722de88c3ccdd558130.jpg' [] []
[2018-01-20 05:43:18] exiftool.INFO: Exiftool executes command /var/www/html/vendor/phpexiftool/exiftool/exiftool -n -q -b -X -charset UTF8 -r -i SYMLINKS '/var/www/html/web/data/9eeb0eb81dbe81545b8fc73e9f9c2870/20180120/93e9156f5dc4c722de88c3ccdd558130.jpg' '/var/www/html/web/data/9eeb0eb81dbe81545b8fc73e9f9c2870/20180120/93e9156f5dc4c722de88c3ccdd558130.jpg' [] []
[2018-01-20 05:44:54] exiftool.INFO: Exiftool executes command /var/www/html/vendor/phpexiftool/exiftool/exiftool -n -q -b -X -charset UTF8 -r -i SYMLINKS '/var/www/html/web/data/9eeb0eb81dbe81545b8fc73e9f9c2870/20180120/ea93d1b06606bc48c0e1d2decccb3aa6.jpg' [] []
[2018-01-20 05:44:55] exiftool.INFO: Exiftool executes command /var/www/html/vendor/phpexiftool/exiftool/exiftool -n -q -b -X -charset UTF8 -r -i SYMLINKS '/var/www/html/web/data/9eeb0eb81dbe81545b8fc73e9f9c2870/20180120/ea93d1b06606bc48c0e1d2decccb3aa6.jpg' '/var/www/html/web/data/9eeb0eb81dbe81545b8fc73e9f9c2870/20180120/ea93d1b06606bc48c0e1d2decccb3aa6.jpg' [] []
[2018-01-20 05:46:51] exiftool.INFO: Exiftool executes command /var/www/html/vendor/phpexiftool/exiftool/exiftool -n -q -b -X -charset UTF8 -r -i SYMLINKS '/var/www/html/web/data/9eeb0eb81dbe81545b8fc73e9f9c2870/20180120/938dea5a0d6a2b90a5a038a03a1fa3e1.jpg' [] []
[2018-01-20 05:50:52] exiftool.INFO: Exiftool executes command /var/www/html/vendor/phpexiftool/exiftool/exiftool -n -q -b -X -charset UTF8 -r -i SYMLINKS '/var/www/html/web/data/9eeb0eb81dbe81545b8fc73e9f9c2870/20180120/5cfa15bd0eb5560cd1650d4a0b4d974a.jpg' [] []
[2018-01-20 05:52:22] exiftool.INFO: Exiftool executes command /var/www/html/vendor/phpexiftool/exiftool/exiftool -n -q -b -X -charset UTF8 -r -i SYMLINKS '/var/www/html/web/data/9eeb0eb81dbe81545b8fc73e9f9c2870/20180120/8f679e20c474d95b4f7b34e252c1ecbd.jpg' [] []
[2018-01-29 20:25:34] exiftool.INFO: Exiftool executes command /var/www/html/vendor/phpexiftool/exiftool/exiftool -n -q -b -X -charset UTF8 -r -i SYMLINKS '/var/www/html/web/data/9eeb0eb81dbe81545b8fc73e9f9c2870/20180129/490c8a71f79062969bbcdf1bbc5d7476.jpg' [] []
[Tue Feb 13 19:35:08.117354 2018] [mpm_prefork:notice] [pid 1] AH00169: caught SIGTERM, shutting down
AH00558: apache2: Could not reliably determine the server's fully qualified domain name, using 172.18.0.3. Set the 'ServerName' directive globally to suppress this message
[Tue Feb 13 19:36:48.961615 2018] [mpm_prefork:notice] [pid 1] AH00163: Apache/2.4.10 (Debian) PHP/7.1.12 configured -- resuming normal operations
[Tue Feb 13 19:36:48.962263 2018] [core:notice] [pid 1] AH00094: Command line: 'apache2 -D FOREGROUND'
AH00558: apache2: Could not reliably determine the server's fully qualified domain name, using 172.19.0.3. Set the 'ServerName' directive globally to suppress this message
[Mon Feb 19 20:22:16.505580 2018] [mpm_prefork:notice] [pid 1] AH00163: Apache/2.4.10 (Debian) PHP/7.1.12 configured -- resuming normal operations
[Mon Feb 19 20:22:16.505938 2018] [core:notice] [pid 1] AH00094: Command line: 'apache2 -D FOREGROUND'
